<?xml version="1.0" encoding="UTF-8"?>
<!-- Generated by org.testng.reporters.JUnitReportReporter -->
<testsuite skipped="0" hostname="evAbhijit" name="restAssuredTests.getRequest" tests="1" failures="0" timestamp="02 Dec 2019 12:57:05 GMT" time="2.563" errors="0">
  <testcase name="getWeatherDetails" time="2.563" classname="restAssuredTests.getRequest"/>
</testsuite> <!-- restAssuredTests.getRequest -->
