<?xml version="1.0" encoding="UTF-8"?>
<!-- Generated by org.testng.reporters.JUnitReportReporter -->
<testsuite skipped="1" hostname="evAbhijit" name="restAssuredTests.Silkboard" tests="2" failures="0" timestamp="07 Feb 2020 11:29:26 GMT" time="23.644" errors="0">
  <testcase name="Allocation" time="23.644" classname="restAssuredTests.Silkboard"/>
  <testcase name="Edit_Allocation" classname="restAssuredTests.Silkboard">
    <skipped/>
  </testcase> <!-- Edit_Allocation -->
</testsuite> <!-- restAssuredTests.Silkboard -->
