<?xml version="1.0" encoding="UTF-8"?>
<!-- Generated by org.testng.reporters.JUnitReportReporter -->
<testsuite skipped="5" hostname="evAbhijit" name="restAssuredTests.PetBioTech" tests="6" failures="0" timestamp="14 Jan 2020 05:59:29 GMT" time="17.515" errors="0">
  <testcase name="AddClient" time="17.515" classname="restAssuredTests.PetBioTech"/>
  <testcase name="AddSpecimen" classname="restAssuredTests.PetBioTech">
    <skipped/>
  </testcase> <!-- AddSpecimen -->
  <testcase name="PickupRequest" classname="restAssuredTests.PetBioTech">
    <skipped/>
  </testcase> <!-- PickupRequest -->
  <testcase name="AddBreed" classname="restAssuredTests.PetBioTech">
    <skipped/>
  </testcase> <!-- AddBreed -->
  <testcase name="AddEmployee" classname="restAssuredTests.PetBioTech">
    <skipped/>
  </testcase> <!-- AddEmployee -->
  <testcase name="AddTest" classname="restAssuredTests.PetBioTech">
    <skipped/>
  </testcase> <!-- AddTest -->
</testsuite> <!-- restAssuredTests.PetBioTech -->
