<?xml version="1.0" encoding="UTF-8"?>
<!-- Generated by org.testng.reporters.JUnitReportReporter -->
<testsuite skipped="1" hostname="evAbhijit" name="restAssuredTests.DJ" tests="2" failures="0" timestamp="02 Dec 2019 14:50:15 GMT" time="367.813" errors="0">
  <testcase name="AddStates" time="367.813" classname="restAssuredTests.DJ"/>
  <testcase name="AddCountrys" classname="restAssuredTests.DJ">
    <skipped/>
  </testcase> <!-- AddCountrys -->
</testsuite> <!-- restAssuredTests.DJ -->
